<?xml version="1.0" encoding="UTF-8"?>
<!-- Generated by org.testng.reporters.JUnitReportReporter -->
<testsuite skipped="0" hostname="Bulbul-XPS" name="com.testrunner.TestRunner" tests="1" failures="0" timestamp="24 Nov 2020 19:14:18 GMT" time="7.876" errors="0">
  <testcase name="feature" time="7.876" classname="com.testrunner.TestRunner"/>
</testsuite> <!-- com.testrunner.TestRunner -->
